This is pdfTeX, Version 3.1415926-2.5-1.40.14 (MiKTeX 2.9) (preloaded format=pdflatex 2016.5.13)  30 JUN 2016 09:41
entering extended mode
**Portada.tex
("F:\Google Drive\My Docs\UD\Proyecto de Grado\Libro\tex\Portada.tex"
LaTeX2e <2011/06/27>
Babel <v3.8m> and hyphenation patterns for english, afrikaans, ancientgreek, ar
abic, armenian, assamese, basque, bengali, bokmal, bulgarian, catalan, coptic, 
croatian, czech, danish, dutch, esperanto, estonian, farsi, finnish, french, ga
lician, german, german-x-2013-05-26, greek, gujarati, hindi, hungarian, iceland
ic, indonesian, interlingua, irish, italian, kannada, kurmanji, latin, latvian,
 lithuanian, malayalam, marathi, mongolian, mongolianlmc, monogreek, ngerman, n
german-x-2013-05-26, nynorsk, oriya, panjabi, pinyin, polish, portuguese, roman
ian, russian, sanskrit, serbian, slovak, slovenian, spanish, swedish, swissgerm
an, tamil, telugu, turkish, turkmen, ukenglish, ukrainian, uppersorbian, usengl
ishmax, welsh, loaded.

! LaTeX Error: Environment titlepage undefined.

See the LaTeX manual or LaTeX Companion for explanation.
Type  H <return>  for immediate help.
 ...                                              
                                                  
l.1 \begin{titlepage}
                     
Your command was ignored.
Type  I <command> <return>  to replace it with another command,
or  <return>  to continue without it.


! LaTeX Error: Missing \begin{document}.

See the LaTeX manual or LaTeX Companion for explanation.
Type  H <return>  for immediate help.
 ...                                              
                                                  
l.3 \begin{center}
                  
You're in trouble here.  Try typing  <return>  to proceed.
If that doesn't work, type  X <return>  to quit.


Overfull \hbox (20.0pt too wide) in paragraph at lines 3--3
[] 
 []


! LaTeX Error: Environment Large undefined.

See the LaTeX manual or LaTeX Companion for explanation.
Type  H <return>  for immediate help.
 ...                                              
                                                  
l.5 \begin{Large}
                 
Your command was ignored.
Type  I <command> <return>  to replace it with another command,
or  <return>  to continue without it.

Missing character: There is no ร in font cmbx10!
Missing character: There is no ก in font cmbx10!
Missing character: There is no ร in font cmbx10!
Missing character: There is no ณ in font cmbx10!
Missing character: There is no ร in font cmbx10!
Missing character: There is no ฉ in font cmbx10!

Overfull \hbox (33.73868pt too wide) in paragraph at lines 6--6
 \OT1/cmr/bx/n/10 Anlisis 
 []


Overfull \hbox (6.06941pt too wide) in paragraph at lines 6--6
 \OT1/cmr/bx/n/10 y 
 []


Overfull \hbox (23.3193pt too wide) in paragraph at lines 6--6
 \OT1/cmr/bx/n/10 eval- 
 []


Overfull \hbox (10.22217pt too wide) in paragraph at lines 6--6
 \OT1/cmr/bx/n/10 u- 
 []


Overfull \hbox (20.28459pt too wide) in paragraph at lines 6--6
 \OT1/cmr/bx/n/10 acin 
 []


Overfull \hbox (11.65967pt too wide) in paragraph at lines 6--6
 \OT1/cmr/bx/n/10 de 
 []


Overfull \hbox (23.31932pt too wide) in paragraph at lines 6--6
 \OT1/cmr/bx/n/10 mto- 
 []


Overfull \hbox (16.6749pt too wide) in paragraph at lines 6--6
 \OT1/cmr/bx/n/10 dos 
 []

Missing character: There is no ร in font cmbx10!
Missing character: There is no ณ in font cmbx10!
Missing character: There is no ร in font cmbx10!
Missing character: There is no ฑ in font cmbx10!

Overfull \hbox (11.65967pt too wide) in paragraph at lines 6--6
 []\OT1/cmr/bx/n/10 en 
 []


Overfull \hbox (8.78465pt too wide) in paragraph at lines 6--6
 \OT1/cmr/bx/n/10 la 
 []


Overfull \hbox (15.97214pt too wide) in paragraph at lines 6--6
 \OT1/cmr/bx/n/10 op- 
 []


Overfull \hbox (11.49994pt too wide) in paragraph at lines 6--6
 \OT1/cmr/bx/n/10 ti- 
 []


Overfull \hbox (38.17339pt too wide) in paragraph at lines 6--6
 \OT1/cmr/bx/n/10 mizacin 
 []


Overfull \hbox (14.8541pt too wide) in paragraph at lines 6--6
 \OT1/cmr/bx/n/10 del 
 []


Overfull \hbox (25.14014pt too wide) in paragraph at lines 6--6
 \OT1/cmr/bx/n/10 diseo 
 []


Overfull \hbox (6.06941pt too wide) in paragraph at lines 6--6
 []\OT1/cmr/bx/n/10 y 
 []


Overfull \hbox (8.46524pt too wide) in paragraph at lines 6--6
 \OT1/cmr/bx/n/10 el 
 []


Overfull \hbox (21.08322pt too wide) in paragraph at lines 6--6
 \OT1/cmr/bx/n/10 con- 
 []


Overfull \hbox (18.1527pt too wide) in paragraph at lines 6--6
 \OT1/cmr/bx/n/10 trol 
 []


Overfull \hbox (11.65967pt too wide) in paragraph at lines 6--6
 \OT1/cmr/bx/n/10 de 
 []


Overfull \hbox (14.8541pt too wide) in paragraph at lines 6--6
 \OT1/cmr/bx/n/10 ve- 
 []


Overfull \hbox (21.40266pt too wide) in paragraph at lines 6--6
 \OT1/cmr/bx/n/10 loci- 
 []


Overfull \hbox (18.36794pt too wide) in paragraph at lines 6--6
 \OT1/cmr/bx/n/10 dad 
 []

Missing character: There is no ร in font cmbx10!
Missing character: There is no ฉ in font cmbx10!

Overfull \hbox (11.65967pt too wide) in paragraph at lines 6--6
 []\OT1/cmr/bx/n/10 de 
 []


Overfull \hbox (12.77771pt too wide) in paragraph at lines 6--6
 \OT1/cmr/bx/n/10 un 
 []


Overfull \hbox (19.16656pt too wide) in paragraph at lines 6--6
 \OT1/cmr/bx/n/10 mo- 
 []


Overfull \hbox (14.95827pt too wide) in paragraph at lines 6--6
 \OT1/cmr/bx/n/10 tor 
 []


Overfull \hbox (36.8401pt too wide) in paragraph at lines 6--6
 \OT1/cmr/bx/n/10 elctrico 
 []


Overfull \hbox (16.61102pt too wide) in paragraph at lines 6--6
 \OT1/cmr/bx/n/10 lin- 
 []


Overfull \hbox (14.05547pt too wide) in paragraph at lines 6--6
 \OT1/cmr/bx/n/10 eal 
 []


! LaTeX Error: \begin{center} on input line 3 ended by \end{Large}.

See the LaTeX manual or LaTeX Companion for explanation.
Type  H <return>  for immediate help.
 ...                                              
                                                  
l.7 \end{Large}
               
Your command was ignored.
Type  I <command> <return>  to replace it with another command,
or  <return>  to continue without it.


! LaTeX Error: Environment large undefined.

See the LaTeX manual or LaTeX Companion for explanation.
Type  H <return>  for immediate help.
 ...                                              
                                                  
l.9 \begin{large}
                 
Your command was ignored.
Type  I <command> <return>  to replace it with another command,
or  <return>  to continue without it.


Overfull \hbox (32.45815pt too wide) in paragraph at lines 10--10
 []\OT1/cmr/bx/n/10 Daniel 
 []


Overfull \hbox (20.11797pt too wide) in paragraph at lines 10--10
 \OT1/cmr/bx/n/10 Fer- 
 []


Overfull \hbox (30.50676pt too wide) in paragraph at lines 10--10
 \OT1/cmr/bx/n/10 nando 
 []


Overfull \hbox (25.11093pt too wide) in paragraph at lines 10--10
 \OT1/cmr/bx/n/10 Daza 
 []


Overfull \hbox (24.54155pt too wide) in paragraph at lines 10--10
 \OT1/cmr/bx/n/10 Cruz 
 []


! LaTeX Error: \begin{center} on input line 3 ended by \end{large}.

See the LaTeX manual or LaTeX Companion for explanation.
Type  H <return>  for immediate help.
 ...                                              
                                                  
l.11 \end{large}
                
Your command was ignored.
Type  I <command> <return>  to replace it with another command,
or  <return>  to continue without it.


! LaTeX Error: Environment figure undefined.

See the LaTeX manual or LaTeX Companion for explanation.
Type  H <return>  for immediate help.
 ...                                              
                                                  
l.14 \begin{figure}
                   [htb]
Your command was ignored.
Type  I <command> <return>  to replace it with another command,
or  <return>  to continue without it.

Missing character: There is no [ in font nullfont!
Missing character: There is no h in font nullfont!
Missing character: There is no t in font nullfont!
Missing character: There is no b in font nullfont!
Missing character: There is no ] in font nullfont!
! Undefined control sequence.
l.16 \includegraphics
                     [scale=0.4]{logo}
The control sequence at the end of the top line
of your error message was never \def'ed. If you have
misspelled it (e.g., `\hobx'), type `I' and the correct
spelling (e.g., `I\hbox'). Otherwise just continue,
and I'll forget about whatever was undefined.

Missing character: There is no [ in font nullfont!
Missing character: There is no s in font nullfont!
Missing character: There is no c in font nullfont!
Missing character: There is no a in font nullfont!
Missing character: There is no l in font nullfont!
Missing character: There is no e in font nullfont!
Missing character: There is no = in font nullfont!
Missing character: There is no 0 in font nullfont!
Missing character: There is no . in font nullfont!
Missing character: There is no 4 in font nullfont!
Missing character: There is no ] in font nullfont!
Missing character: There is no l in font nullfont!
Missing character: There is no o in font nullfont!
Missing character: There is no g in font nullfont!
Missing character: There is no o in font nullfont!

! LaTeX Error: \begin{center} on input line 3 ended by \end{figure}.

See the LaTeX manual or LaTeX Companion for explanation.
Type  H <return>  for immediate help.
 ...                                              
                                                  
l.18 \end{figure}
                 
Your command was ignored.
Type  I <command> <return>  to replace it with another command,
or  <return>  to continue without it.

Missing character: There is no U in font nullfont!
Missing character: There is no n in font nullfont!
Missing character: There is no i in font nullfont!
Missing character: There is no v in font nullfont!
Missing character: There is no e in font nullfont!
Missing character: There is no r in font nullfont!
Missing character: There is no s in font nullfont!
Missing character: There is no i in font nullfont!
Missing character: There is no d in font nullfont!
Missing character: There is no a in font nullfont!
Missing character: There is no d in font nullfont!
Missing character: There is no D in font nullfont!
Missing character: There is no i in font nullfont!
Missing character: There is no s in font nullfont!
Missing character: There is no t in font nullfont!
Missing character: There is no r in font nullfont!
Missing character: There is no i in font nullfont!
Missing character: There is no t in font nullfont!
Missing character: There is no a in font nullfont!
Missing character: There is no l in font nullfont!
Missing character: There is no F in font nullfont!
Missing character: There is no r in font nullfont!
Missing character: There is no a in font nullfont!
Missing character: There is no n in font nullfont!
Missing character: There is no c in font nullfont!
Missing character: There is no i in font nullfont!
Missing character: There is no s in font nullfont!
Missing character: There is no c in font nullfont!
Missing character: There is no o in font nullfont!
Missing character: There is no J in font nullfont!
Missing character: There is no o in font nullfont!
Missing character: There is no s in font nullfont!
Missing character: There is no ร in font nullfont!
Missing character: There is no ฉ in font nullfont!
Missing character: There is no d in font nullfont!
Missing character: There is no e in font nullfont!
Missing character: There is no C in font nullfont!
Missing character: There is no a in font nullfont!
Missing character: There is no l in font nullfont!
Missing character: There is no d in font nullfont!
Missing character: There is no a in font nullfont!
Missing character: There is no s in font nullfont!
Missing character: There is no F in font nullfont!
Missing character: There is no a in font nullfont!
Missing character: There is no c in font nullfont!
Missing character: There is no u in font nullfont!
Missing character: There is no l in font nullfont!
Missing character: There is no t in font nullfont!
Missing character: There is no a in font nullfont!
Missing character: There is no d in font nullfont!
Missing character: There is no d in font nullfont!
Missing character: There is no e in font nullfont!
Missing character: There is no I in font nullfont!
Missing character: There is no n in font nullfont!
Missing character: There is no g in font nullfont!
Missing character: There is no e in font nullfont!
Missing character: There is no n in font nullfont!
Missing character: There is no i in font nullfont!
Missing character: There is no e in font nullfont!
Missing character: There is no r in font nullfont!
Missing character: There is no ร in font nullfont!
Missing character: There is no ญ in font nullfont!
Missing character: There is no a in font nullfont!
Missing character: There is no B in font nullfont!
Missing character: There is no o in font nullfont!
Missing character: There is no g in font nullfont!
Missing character: There is no o in font nullfont!
Missing character: There is no t in font nullfont!
Missing character: There is no ร in font nullfont!
Missing character: There is no ก in font nullfont!
Missing character: There is no D in font nullfont!
Missing character: There is no . in font nullfont!
Missing character: There is no C in font nullfont!
Missing character: There is no . in font nullfont!
Missing character: There is no - in font nullfont!
Missing character: There is no C in font nullfont!
Missing character: There is no o in font nullfont!
Missing character: There is no l in font nullfont!
Missing character: There is no o in font nullfont!
Missing character: There is no m in font nullfont!
Missing character: There is no b in font nullfont!
Missing character: There is no i in font nullfont!
Missing character: There is no a in font nullfont!
Missing character: There is no 2 in font nullfont!
Missing character: There is no 0 in font nullfont!
Missing character: There is no 1 in font nullfont!
Missing character: There is no 6 in font nullfont!

! LaTeX Error: \begin{document} ended by \end{titlepage}.

See the LaTeX manual or LaTeX Companion for explanation.
Type  H <return>  for immediate help.
 ...                                              
                                                  
l.24 \end{titlepage}
                    
Your command was ignored.
Type  I <command> <return>  to replace it with another command,
or  <return>  to continue without it.


! LaTeX Error: Environment titlepage undefined.

See the LaTeX manual or LaTeX Companion for explanation.
Type  H <return>  for immediate help.
 ...                                              
                                                  
l.26 \begin{titlepage}
                      
Your command was ignored.
Type  I <command> <return>  to replace it with another command,
or  <return>  to continue without it.


Overfull \hbox (20.0pt too wide) in paragraph at lines 28--28
[] 
 []


! LaTeX Error: Environment Large undefined.

See the LaTeX manual or LaTeX Companion for explanation.
Type  H <return>  for immediate help.
 ...                                              
                                                  
l.30 \begin{Large}
                  
Your command was ignored.
Type  I <command> <return>  to replace it with another command,
or  <return>  to continue without it.

Missing character: There is no ร in font cmbx10!
Missing character: There is no ก in font cmbx10!
Missing character: There is no ร in font cmbx10!
Missing character: There is no ณ in font cmbx10!
Missing character: There is no ร in font cmbx10!
Missing character: There is no ฉ in font cmbx10!

Overfull \hbox (33.73868pt too wide) in paragraph at lines 31--31
 \OT1/cmr/bx/n/10 Anlisis 
 []


Overfull \hbox (6.06941pt too wide) in paragraph at lines 31--31
 \OT1/cmr/bx/n/10 y 
 []


Overfull \hbox (23.3193pt too wide) in paragraph at lines 31--31
 \OT1/cmr/bx/n/10 eval- 
 []


Overfull \hbox (10.22217pt too wide) in paragraph at lines 31--31
 \OT1/cmr/bx/n/10 u- 
 []


Overfull \hbox (20.28459pt too wide) in paragraph at lines 31--31
 \OT1/cmr/bx/n/10 acin 
 []


Overfull \hbox (11.65967pt too wide) in paragraph at lines 31--31
 \OT1/cmr/bx/n/10 de 
 []


Overfull \hbox (23.31932pt too wide) in paragraph at lines 31--31
 \OT1/cmr/bx/n/10 mto- 
 []


Overfull \hbox (16.6749pt too wide) in paragraph at lines 31--31
 \OT1/cmr/bx/n/10 dos 
 []

Missing character: There is no ร in font cmbx10!
Missing character: There is no ณ in font cmbx10!
Missing character: There is no ร in font cmbx10!
Missing character: There is no ฑ in font cmbx10!

Overfull \hbox (11.65967pt too wide) in paragraph at lines 31--31
 []\OT1/cmr/bx/n/10 en 
 []


Overfull \hbox (8.78465pt too wide) in paragraph at lines 31--31
 \OT1/cmr/bx/n/10 la 
 []


Overfull \hbox (15.97214pt too wide) in paragraph at lines 31--31
 \OT1/cmr/bx/n/10 op- 
 []


Overfull \hbox (11.49994pt too wide) in paragraph at lines 31--31
 \OT1/cmr/bx/n/10 ti- 
 []


Overfull \hbox (38.17339pt too wide) in paragraph at lines 31--31
 \OT1/cmr/bx/n/10 mizacin 
 []


Overfull \hbox (14.8541pt too wide) in paragraph at lines 31--31
 \OT1/cmr/bx/n/10 del 
 []


Overfull \hbox (25.14014pt too wide) in paragraph at lines 31--31
 \OT1/cmr/bx/n/10 diseo 
 []


Overfull \hbox (6.06941pt too wide) in paragraph at lines 31--31
 []\OT1/cmr/bx/n/10 y 
 []


Overfull \hbox (8.46524pt too wide) in paragraph at lines 31--31
 \OT1/cmr/bx/n/10 el 
 []


Overfull \hbox (21.08322pt too wide) in paragraph at lines 31--31
 \OT1/cmr/bx/n/10 con- 
 []


Overfull \hbox (18.1527pt too wide) in paragraph at lines 31--31
 \OT1/cmr/bx/n/10 trol 
 []


Overfull \hbox (11.65967pt too wide) in paragraph at lines 31--31
 \OT1/cmr/bx/n/10 de 
 []


Overfull \hbox (14.8541pt too wide) in paragraph at lines 31--31
 \OT1/cmr/bx/n/10 ve- 
 []


Overfull \hbox (21.40266pt too wide) in paragraph at lines 31--31
 \OT1/cmr/bx/n/10 loci- 
 []


Overfull \hbox (18.36794pt too wide) in paragraph at lines 31--31
 \OT1/cmr/bx/n/10 dad 
 []

Missing character: There is no ร in font cmbx10!
Missing character: There is no ฉ in font cmbx10!

Overfull \hbox (11.65967pt too wide) in paragraph at lines 31--31
 []\OT1/cmr/bx/n/10 de 
 []


Overfull \hbox (12.77771pt too wide) in paragraph at lines 31--31
 \OT1/cmr/bx/n/10 un 
 []


Overfull \hbox (19.16656pt too wide) in paragraph at lines 31--31
 \OT1/cmr/bx/n/10 mo- 
 []


Overfull \hbox (14.95827pt too wide) in paragraph at lines 31--31
 \OT1/cmr/bx/n/10 tor 
 []


Overfull \hbox (36.8401pt too wide) in paragraph at lines 31--31
 \OT1/cmr/bx/n/10 elctrico 
 []


Overfull \hbox (16.61102pt too wide) in paragraph at lines 31--31
 \OT1/cmr/bx/n/10 lin- 
 []


Overfull \hbox (14.05547pt too wide) in paragraph at lines 31--31
 \OT1/cmr/bx/n/10 eal 
 []


! LaTeX Error: \begin{center} on input line 28 ended by \end{Large}.

See the LaTeX manual or LaTeX Companion for explanation.
Type  H <return>  for immediate help.
 ...                                              
                                                  
l.32 \end{Large}
                
Your command was ignored.
Type  I <command> <return>  to replace it with another command,
or  <return>  to continue without it.


Overfull \hbox (32.45815pt too wide) in paragraph at lines 34--34
 []\OT1/cmr/bx/n/10 Daniel 
 []


Overfull \hbox (20.11797pt too wide) in paragraph at lines 34--34
 \OT1/cmr/bx/n/10 Fer- 
 []


Overfull \hbox (30.50676pt too wide) in paragraph at lines 34--34
 \OT1/cmr/bx/n/10 nando 
 []


Overfull \hbox (25.11093pt too wide) in paragraph at lines 34--34
 \OT1/cmr/bx/n/10 Daza 
 []


Overfull \hbox (24.54155pt too wide) in paragraph at lines 34--34
 \OT1/cmr/bx/n/10 Cruz 
 []

Missing character: There is no T in font nullfont!
Missing character: There is no r in font nullfont!
Missing character: There is no a in font nullfont!
Missing character: There is no b in font nullfont!
Missing character: There is no a in font nullfont!
Missing character: There is no j in font nullfont!
Missing character: There is no o in font nullfont!
Missing character: There is no d in font nullfont!
Missing character: There is no e in font nullfont!
Missing character: There is no g in font nullfont!
Missing character: There is no r in font nullfont!
Missing character: There is no a in font nullfont!
Missing character: There is no d in font nullfont!
Missing character: There is no o in font nullfont!
Missing character: There is no p in font nullfont!
Missing character: There is no a in font nullfont!
Missing character: There is no r in font nullfont!
Missing character: There is no a in font nullfont!
Missing character: There is no o in font nullfont!
Missing character: There is no p in font nullfont!
Missing character: There is no t in font nullfont!
Missing character: There is no a in font nullfont!
Missing character: There is no r in font nullfont!
Missing character: There is no p in font nullfont!
Missing character: There is no o in font nullfont!
Missing character: There is no r in font nullfont!
Missing character: There is no e in font nullfont!
Missing character: There is no l in font nullfont!
Missing character: There is no t in font nullfont!
Missing character: There is no ร in font nullfont!
Missing character: There is no ญ in font nullfont!
Missing character: There is no t in font nullfont!
Missing character: There is no u in font nullfont!
Missing character: There is no l in font nullfont!
Missing character: There is no o in font nullfont!
Missing character: There is no d in font nullfont!
Missing character: There is no e in font nullfont!
Missing character: There is no : in font nullfont!
Missing character: There is no ร in font cmbx10!
Missing character: There is no ณ in font cmbx10!

Overfull \hbox (47.11089pt too wide) in paragraph at lines 39--39
 []\OT1/cmr/bx/n/10 Ingeniero 
 []


Overfull \hbox (24.96515pt too wide) in paragraph at lines 39--39
 \OT1/cmr/bx/n/10 Elec- 
 []


Overfull \hbox (13.04161pt too wide) in paragraph at lines 39--39
 \OT1/cmr/bx/n/10 tr- 
 []


Overfull \hbox (20.44434pt too wide) in paragraph at lines 39--39
 \OT1/cmr/bx/n/10 nico 
 []


! LaTeX Error: The font size command \normalsize is not defined:
               there is probably something wrong with the class file.

See the LaTeX manual or LaTeX Companion for explanation.
Type  H <return>  for immediate help.
 ...                                              
                                                  
l.39 \textbf{Ingeniero Electrรณnico} \\
                                       
Your command was ignored.
Type  I <command> <return>  to replace it with another command,
or  <return>  to continue without it.

[1{C:/Users/Daniel/AppData/Local/MiKTeX/2.9/pdftex/config/pdftex.map}]
Missing character: There is no D in font nullfont!
Missing character: There is no i in font nullfont!
Missing character: There is no r in font nullfont!
Missing character: There is no e in font nullfont!
Missing character: There is no c in font nullfont!
Missing character: There is no t in font nullfont!
Missing character: There is no o in font nullfont!
Missing character: There is no r in font nullfont!
Missing character: There is no e in font nullfont!
Missing character: There is no s in font nullfont!
Missing character: There is no : in font nullfont!
Missing character: There is no ร in font cmbx10!
Missing character: There is no ณ in font cmbx10!

Overfull \hbox (19.69434pt too wide) in paragraph at lines 43--43
 []\OT1/cmr/bx/n/10 Ing. 
 []


Overfull \hbox (39.04144pt too wide) in paragraph at lines 43--43
 \OT1/cmr/bx/n/10 Alexan- 
 []


Overfull \hbox (16.39577pt too wide) in paragraph at lines 43--43
 \OT1/cmr/bx/n/10 der 
 []


Overfull \hbox (33.71509pt too wide) in paragraph at lines 43--43
 \OT1/cmr/bx/n/10 Alarcn 
 []

Missing character: There is no ร in font cmbx10!
Missing character: There is no ญ in font cmbx10!

Overfull \hbox (19.69434pt too wide) in paragraph at lines 44--44
 []\OT1/cmr/bx/n/10 Ing. 
 []


Overfull \hbox (26.82623pt too wide) in paragraph at lines 44--44
 \OT1/cmr/bx/n/10 Fran- 
 []


Overfull \hbox (23.70264pt too wide) in paragraph at lines 44--44
 \OT1/cmr/bx/n/10 cisco 
 []


Overfull \hbox (22.20125pt too wide) in paragraph at lines 44--44
 \OT1/cmr/bx/n/10 San- 
 []


Overfull \hbox (13.89574pt too wide) in paragraph at lines 44--44
 \OT1/cmr/bx/n/10 ta- 
 []


Overfull \hbox (25.49983pt too wide) in paragraph at lines 44--44
 \OT1/cmr/bx/n/10 mara 
 []


! LaTeX Error: Environment figure undefined.

See the LaTeX manual or LaTeX Companion for explanation.
Type  H <return>  for immediate help.
 ...                                              
                                                  
l.47 \begin{figure}
                   [htb]
Your command was ignored.
Type  I <command> <return>  to replace it with another command,
or  <return>  to continue without it.

Missing character: There is no [ in font nullfont!
Missing character: There is no h in font nullfont!
Missing character: There is no t in font nullfont!
Missing character: There is no b in font nullfont!
Missing character: There is no ] in font nullfont!
! Undefined control sequence.
l.49 \includegraphics
                     [scale=0.4]{logo}
The control sequence at the end of the top line
of your error message was never \def'ed. If you have
misspelled it (e.g., `\hobx'), type `I' and the correct
spelling (e.g., `I\hbox'). Otherwise just continue,
and I'll forget about whatever was undefined.

Missing character: There is no [ in font nullfont!
Missing character: There is no s in font nullfont!
Missing character: There is no c in font nullfont!
Missing character: There is no a in font nullfont!
Missing character: There is no l in font nullfont!
Missing character: There is no e in font nullfont!
Missing character: There is no = in font nullfont!
Missing character: There is no 0 in font nullfont!
Missing character: There is no . in font nullfont!
Missing character: There is no 4 in font nullfont!
Missing character: There is no ] in font nullfont!
Missing character: There is no l in font nullfont!
Missing character: There is no o in font nullfont!
Missing character: There is no g in font nullfont!
Missing character: There is no o in font nullfont!

! LaTeX Error: \begin{center} on input line 28 ended by \end{figure}.

See the LaTeX manual or LaTeX Companion for explanation.
Type  H <return>  for immediate help.
 ...                                              
                                                  
l.51 \end{figure}
                 
Your command was ignored.
Type  I <command> <return>  to replace it with another command,
or  <return>  to continue without it.

Missing character: There is no U in font nullfont!
Missing character: There is no n in font nullfont!
Missing character: There is no i in font nullfont!
Missing character: There is no v in font nullfont!
Missing character: There is no e in font nullfont!
Missing character: There is no r in font nullfont!
Missing character: There is no s in font nullfont!
Missing character: There is no i in font nullfont!
Missing character: There is no d in font nullfont!
Missing character: There is no a in font nullfont!
Missing character: There is no d in font nullfont!
Missing character: There is no D in font nullfont!
Missing character: There is no i in font nullfont!
Missing character: There is no s in font nullfont!
Missing character: There is no t in font nullfont!
Missing character: There is no r in font nullfont!
Missing character: There is no i in font nullfont!
Missing character: There is no t in font nullfont!
Missing character: There is no a in font nullfont!
Missing character: There is no l in font nullfont!
Missing character: There is no F in font nullfont!
Missing character: There is no r in font nullfont!
Missing character: There is no a in font nullfont!
Missing character: There is no n in font nullfont!
Missing character: There is no c in font nullfont!
Missing character: There is no i in font nullfont!
Missing character: There is no s in font nullfont!
Missing character: There is no c in font nullfont!
Missing character: There is no o in font nullfont!
Missing character: There is no J in font nullfont!
Missing character: There is no o in font nullfont!
Missing character: There is no s in font nullfont!
Missing character: There is no ร in font nullfont!
Missing character: There is no ฉ in font nullfont!
Missing character: There is no d in font nullfont!
Missing character: There is no e in font nullfont!
Missing character: There is no C in font nullfont!
Missing character: There is no a in font nullfont!
Missing character: There is no l in font nullfont!
Missing character: There is no d in font nullfont!
Missing character: There is no a in font nullfont!
Missing character: There is no s in font nullfont!
Missing character: There is no F in font nullfont!
Missing character: There is no a in font nullfont!
Missing character: There is no c in font nullfont!
Missing character: There is no u in font nullfont!
Missing character: There is no l in font nullfont!
Missing character: There is no t in font nullfont!
Missing character: There is no a in font nullfont!
Missing character: There is no d in font nullfont!
Missing character: There is no d in font nullfont!
Missing character: There is no e in font nullfont!
Missing character: There is no I in font nullfont!
Missing character: There is no n in font nullfont!
Missing character: There is no g in font nullfont!
Missing character: There is no e in font nullfont!
Missing character: There is no n in font nullfont!
Missing character: There is no i in font nullfont!
Missing character: There is no e in font nullfont!
Missing character: There is no r in font nullfont!
Missing character: There is no ร in font nullfont!
Missing character: There is no ญ in font nullfont!
Missing character: There is no a in font nullfont!
Missing character: There is no B in font nullfont!
Missing character: There is no o in font nullfont!
Missing character: There is no g in font nullfont!
Missing character: There is no o in font nullfont!
Missing character: There is no t in font nullfont!
Missing character: There is no ร in font nullfont!
Missing character: There is no ก in font nullfont!
Missing character: There is no D in font nullfont!
Missing character: There is no . in font nullfont!
Missing character: There is no C in font nullfont!
Missing character: There is no . in font nullfont!
Missing character: There is no - in font nullfont!
Missing character: There is no C in font nullfont!
Missing character: There is no o in font nullfont!
Missing character: There is no l in font nullfont!
Missing character: There is no o in font nullfont!
Missing character: There is no m in font nullfont!
Missing character: There is no b in font nullfont!
Missing character: There is no i in font nullfont!
Missing character: There is no a in font nullfont!
Missing character: There is no 2 in font nullfont!
Missing character: There is no 0 in font nullfont!
Missing character: There is no 1 in font nullfont!
Missing character: There is no 6 in font nullfont!

! LaTeX Error: \begin{document} ended by \end{titlepage}.

See the LaTeX manual or LaTeX Companion for explanation.
Type  H <return>  for immediate help.
 ...                                              
                                                  
l.57 \end{titlepage}
                    
Your command was ignored.
Type  I <command> <return>  to replace it with another command,
or  <return>  to continue without it.


! LaTeX Error: The font size command \normalsize is not defined:
               there is probably something wrong with the class file.

See the LaTeX manual or LaTeX Companion for explanation.
Type  H <return>  for immediate help.
 ...                                              
                                                  
l.58 \newpage
             
Your command was ignored.
Type  I <command> <return>  to replace it with another command,
or  <return>  to continue without it.

[2]
Missing character: There is no ร in font cmbx10!
Missing character: There is no ณ in font cmbx10!

Overfull \hbox (44.81235pt too wide) in paragraph at lines 59--61
[]\OT1/cmr/bx/n/10 Nota
 []


Overfull \hbox (11.65967pt too wide) in paragraph at lines 59--61
\OT1/cmr/bx/n/10 de
 []


Overfull \hbox (47.11777pt too wide) in paragraph at lines 59--61
\OT1/cmr/bx/n/10 aceptacin 
 []


Overfull \hbox (250.0pt too wide) in paragraph at lines 59--61
| 
 []


! LaTeX Error: The font size command \normalsize is not defined:
               there is probably something wrong with the class file.

See the LaTeX manual or LaTeX Companion for explanation.
Type  H <return>  for immediate help.
 ...                                              
                                                  
l.61 \newpage
             
Your command was ignored.
Type  I <command> <return>  to replace it with another command,
or  <return>  to continue without it.

[3])
! Emergency stop.
<*> Portada.tex
               
*** (job aborted, no legal \end found)

 
Here is how much of TeX's memory you used:
 20 strings out of 493921
 360 string characters out of 3146477
 52031 words of memory out of 3000000
 3410 multiletter control sequences out of 15000+200000
 3948 words of font info for 15 fonts, out of 3000000 for 9000
 841 hyphenation exceptions out of 8191
 20i,4n,14p,168b,174s stack positions out of 5000i,500n,10000p,200000b,50000s
!  ==> Fatal error occurred, no output PDF file produced!
